<?xml version="1.0" encoding="UTF-8"?>
<testsuite name="com.evie.CommandBuilderTest" time="0" tests="1" errors="0" skipped="1" failures="0">
  <properties>
[...]
</properties>
  <testcase name="com.evie.CommandBuilderTest" classname="com.evie.CommandBuilderTest" time="0">
    <skipped/>
    <system-out><![CDATA[01:10:39.424 [main] DEBUG org.springframework.test.annotation.ProfileValueUtils - Retrieved @ProfileValueSourceConfiguration [null] for test class [com.evie.criteria.util.GenericCriteriaIntegrationTest]
01:10:39.429 [main] DEBUG org.springframework.test.annotation.ProfileValueUtils - Retrieved ProfileValueSource type [class org.springframework.test.annotation.SystemProfileValueSource] for class [com.evie.criteria.util.GenericCriteriaIntegrationTest]
01:10:39.430 [main] DEBUG org.springframework.test.annotation.ProfileValueUtils - Retrieved @ProfileValueSourceConfiguration [null] for test class [com.evie.criteria.util.GenericCriteriaIntegrationTest]
01:10:39.430 [main] DEBUG org.springframework.test.annotation.ProfileValueUtils - Retrieved ProfileValueSource type [class org.springframework.test.annotation.SystemProfileValueSource] for class [com.evie.criteria.util.GenericCriteriaIntegrationTest]
01:10:39.444 [main] DEBUG org.springframework.test.context.BootstrapUtils - Instantiating CacheAwareContextLoaderDelegate from class [org.springframework.test.context.cache.DefaultCacheAwareContextLoaderDelegate]
01:10:39.457 [main] DEBUG org.springframework.test.context.BootstrapUtils - Instantiating BootstrapContext using constructor [public org.springframework.test.context.support.DefaultBootstrapContext(java.lang.Class,org.springframework.test.context.CacheAwareContextLoaderDelegate)]
01:10:39.469 [main] DEBUG org.springframework.test.context.BootstrapUtils - Instantiating TestContextBootstrapper for test class [com.evie.criteria.util.GenericCriteriaIntegrationTest] from class [org.springframework.boot.test.context.SpringBootTestContextBootstrapper]
01:10:39.497 [main] DEBUG org.springframework.test.context.support.AbstractContextLoader - Did not detect default resource location for test class [com.evie.criteria.util.GenericCriteriaIntegrationTest]: class path resource [com/evie/criteria/util/GenericCriteriaIntegrationTest-context.xml] does not exist
01:10:39.498 [main] DEBUG org.springframework.test.context.support.AbstractContextLoader - Did not detect default resource location for test class [com.evie.criteria.util.GenericCriteriaIntegrationTest]: class path resource [com/evie/criteria/util/GenericCriteriaIntegrationTestContext.groovy] does not exist
01:10:39.498 [main] INFO org.springframework.test.context.support.AbstractContextLoader - Could not detect default resource locations for test class [com.evie.criteria.util.GenericCriteriaIntegrationTest]: no resource found for suffixes {-context.xml, Context.groovy}.
01:10:39.500 [main] INFO org.springframework.test.context.support.AnnotationConfigContextLoaderUtils - Could not detect default configuration classes for test class [com.evie.criteria.util.GenericCriteriaIntegrationTest]: GenericCriteriaIntegrationTest does not declare any static, non-private, non-final, nested classes annotated with @Configuration.
01:10:39.556 [main] DEBUG org.springframework.test.context.support.ActiveProfilesUtils - Could not find an 'annotation declaring class' for annotation type [org.springframework.test.context.ActiveProfiles] and class [com.evie.criteria.util.GenericCriteriaIntegrationTest]
01:10:39.568 [main] DEBUG org.springframework.core.env.StandardEnvironment - Adding [systemProperties] PropertySource with lowest search precedence
01:10:39.568 [main] DEBUG org.springframework.core.env.StandardEnvironment - Adding [systemEnvironment] PropertySource with lowest search precedence
01:10:39.569 [main] DEBUG org.springframework.core.env.StandardEnvironment - Initialized StandardEnvironment with PropertySources [systemProperties,systemEnvironment]
01:10:39.581 [main] DEBUG org.springframework.core.io.support.PathMatchingResourcePatternResolver - Resolved classpath location [com/evie/criteria/util/] to resources [URL [file:/mnt/c/Users/ryanh/IdeaProjects/goose/target/test-classes/com/evie/criteria/util/], URL [file:/mnt/c/Users/ryanh/IdeaProjects/goose/target/classes/com/evie/criteria/util/]]
01:10:39.581 [main] DEBUG org.springframework.core.io.support.PathMatchingResourcePatternResolver - Looking for matching resources in directory tree [/mnt/c/Users/ryanh/IdeaProjects/goose/target/test-classes/com/evie/criteria/util]
01:10:39.582 [main] DEBUG org.springframework.core.io.support.PathMatchingResourcePatternResolver - Searching directory [/mnt/c/Users/ryanh/IdeaProjects/goose/target/test-classes/com/evie/criteria/util] for files matching pattern [/mnt/c/Users/ryanh/IdeaProjects/goose/target/test-classes/com/evie/criteria/util/*.class]
01:10:39.588 [main] DEBUG org.springframework.core.io.support.PathMatchingResourcePatternResolver - Looking for matching resources in directory tree [/mnt/c/Users/ryanh/IdeaProjects/goose/target/classes/com/evie/criteria/util]
01:10:39.589 [main] DEBUG org.springframework.core.io.support.PathMatchingResourcePatternResolver - Searching directory [/mnt/c/Users/ryanh/IdeaProjects/goose/target/classes/com/evie/criteria/util] for files matching pattern [/mnt/c/Users/ryanh/IdeaProjects/goose/target/classes/com/evie/criteria/util/*.class]
01:10:39.593 [main] DEBUG org.springframework.core.io.support.PathMatchingResourcePatternResolver - Resolved location pattern [classpath*:com/evie/criteria/util/*.class] to resources [file [/mnt/c/Users/ryanh/IdeaProjects/goose/target/test-classes/com/evie/criteria/util/CriteriaUtilSpec.class], file [/mnt/c/Users/ryanh/IdeaProjects/goose/target/test-classes/com/evie/criteria/util/GenericCriteriaIntegrationTest$_getSampleRecords_closure1.class], file [/mnt/c/Users/ryanh/IdeaProjects/goose/target/test-classes/com/evie/criteria/util/GenericCriteriaIntegrationTest.class], file [/mnt/c/Users/ryanh/IdeaProjects/goose/target/test-classes/com/evie/criteria/util/UriParameterOperationAdapterImplSpec.class], file [/mnt/c/Users/ryanh/IdeaProjects/goose/target/test-classes/com/evie/criteria/util/WildCardToRegexUtilSpec.class], file [/mnt/c/Users/ryanh/IdeaProjects/goose/target/classes/com/evie/criteria/util/CommandBuilder.class], file [/mnt/c/Users/ryanh/IdeaProjects/goose/target/classes/com/evie/criteria/util/CriteriaUtil$1.class], file [/mnt/c/Users/ryanh/IdeaProjects/goose/target/classes/com/evie/criteria/util/CriteriaUtil.class], file [/mnt/c/Users/ryanh/IdeaProjects/goose/target/classes/com/evie/criteria/util/MongoStatRunner.class], file [/mnt/c/Users/ryanh/IdeaProjects/goose/target/classes/com/evie/criteria/util/UriParameterOperationAdapter.class], file [/mnt/c/Users/ryanh/IdeaProjects/goose/target/classes/com/evie/criteria/util/UriParameterOperationAdapterImpl.class], file [/mnt/c/Users/ryanh/IdeaProjects/goose/target/classes/com/evie/criteria/util/UriParameterUtil.class], file [/mnt/c/Users/ryanh/IdeaProjects/goose/target/classes/com/evie/criteria/util/WildCardToRegexUtil.class]]
01:10:39.635 [main] DEBUG org.springframework.core.io.support.PathMatchingResourcePatternResolver - Resolved classpath location [com/evie/criteria/] to resources [URL [file:/mnt/c/Users/ryanh/IdeaProjects/goose/target/test-classes/com/evie/criteria/], URL [file:/mnt/c/Users/ryanh/IdeaProjects/goose/target/classes/com/evie/criteria/]]
01:10:39.635 [main] DEBUG org.springframework.core.io.support.PathMatchingResourcePatternResolver - Looking for matching resources in directory tree [/mnt/c/Users/ryanh/IdeaProjects/goose/target/test-classes/com/evie/criteria]
01:10:39.635 [main] DEBUG org.springframework.core.io.support.PathMatchingResourcePatternResolver - Searching directory [/mnt/c/Users/ryanh/IdeaProjects/goose/target/test-classes/com/evie/criteria] for files matching pattern [/mnt/c/Users/ryanh/IdeaProjects/goose/target/test-classes/com/evie/criteria/*.class]
01:10:39.636 [main] DEBUG org.springframework.core.io.support.PathMatchingResourcePatternResolver - Looking for matching resources in directory tree [/mnt/c/Users/ryanh/IdeaProjects/goose/target/classes/com/evie/criteria]
01:10:39.637 [main] DEBUG org.springframework.core.io.support.PathMatchingResourcePatternResolver - Searching directory [/mnt/c/Users/ryanh/IdeaProjects/goose/target/classes/com/evie/criteria] for files matching pattern [/mnt/c/Users/ryanh/IdeaProjects/goose/target/classes/com/evie/criteria/*.class]
01:10:39.637 [main] DEBUG org.springframework.core.io.support.PathMatchingResourcePatternResolver - Resolved location pattern [classpath*:com/evie/criteria/*.class] to resources []
01:10:39.638 [main] DEBUG org.springframework.core.io.support.PathMatchingResourcePatternResolver - Resolved classpath location [com/evie/] to resources [URL [file:/mnt/c/Users/ryanh/IdeaProjects/goose/target/test-classes/com/evie/], URL [file:/mnt/c/Users/ryanh/IdeaProjects/goose/target/classes/com/evie/]]
01:10:39.639 [main] DEBUG org.springframework.core.io.support.PathMatchingResourcePatternResolver - Looking for matching resources in directory tree [/mnt/c/Users/ryanh/IdeaProjects/goose/target/test-classes/com/evie]
01:10:39.639 [main] DEBUG org.springframework.core.io.support.PathMatchingResourcePatternResolver - Searching directory [/mnt/c/Users/ryanh/IdeaProjects/goose/target/test-classes/com/evie] for files matching pattern [/mnt/c/Users/ryanh/IdeaProjects/goose/target/test-classes/com/evie/*.class]
01:10:39.642 [main] DEBUG org.springframework.core.io.support.PathMatchingResourcePatternResolver - Looking for matching resources in directory tree [/mnt/c/Users/ryanh/IdeaProjects/goose/target/classes/com/evie]
01:10:39.642 [main] DEBUG org.springframework.core.io.support.PathMatchingResourcePatternResolver - Searching directory [/mnt/c/Users/ryanh/IdeaProjects/goose/target/classes/com/evie] for files matching pattern [/mnt/c/Users/ryanh/IdeaProjects/goose/target/classes/com/evie/*.class]
01:10:39.644 [main] DEBUG org.springframework.core.io.support.PathMatchingResourcePatternResolver - Resolved location pattern [classpath*:com/evie/*.class] to resources [file [/mnt/c/Users/ryanh/IdeaProjects/goose/target/test-classes/com/evie/CommandBuilderTest.class], file [/mnt/c/Users/ryanh/IdeaProjects/goose/target/test-classes/com/evie/CommandRunnerTest.class], file [/mnt/c/Users/ryanh/IdeaProjects/goose/target/test-classes/com/evie/MongoStatLineProcessorTest$__spock_feature_0_0_closure1.class], file [/mnt/c/Users/ryanh/IdeaProjects/goose/target/test-classes/com/evie/MongoStatLineProcessorTest.class], file [/mnt/c/Users/ryanh/IdeaProjects/goose/target/classes/com/evie/Application.class]]
01:10:39.695 [main] DEBUG org.springframework.context.annotation.ClassPathScanningCandidateComponentProvider - Identified candidate component class: file [/mnt/c/Users/ryanh/IdeaProjects/goose/target/classes/com/evie/Application.class]
01:10:39.697 [main] INFO org.springframework.boot.test.context.SpringBootTestContextBootstrapper - Found @SpringBootConfiguration com.evie.Application for test class com.evie.criteria.util.GenericCriteriaIntegrationTest
01:10:39.702 [main] DEBUG org.springframework.boot.test.context.SpringBootTestContextBootstrapper - @TestExecutionListeners is not present for class [com.evie.criteria.util.GenericCriteriaIntegrationTest]: using defaults.
01:10:39.705 [main] INFO org.springframework.boot.test.context.SpringBootTestContextBootstrapper - Loaded default TestExecutionListener class names from location [META-INF/spring.factories]: [org.springframework.boot.test.mock.mockito.MockitoTestExecutionListener, org.springframework.boot.test.mock.mockito.ResetMocksTestExecutionListener, org.springframework.boot.test.autoconfigure.restdocs.RestDocsTestExecutionListener, org.springframework.boot.test.autoconfigure.web.client.MockRestServiceServerResetTestExecutionListener, org.springframework.boot.test.autoconfigure.web.servlet.MockMvcPrintOnlyOnFailureTestExecutionListener, org.springframework.boot.test.autoconfigure.web.servlet.WebDriverTestExecutionListener, org.springframework.test.context.web.ServletTestExecutionListener, org.springframework.test.context.support.DirtiesContextBeforeModesTestExecutionListener, org.springframework.test.context.support.DependencyInjectionTestExecutionListener, org.springframework.test.context.support.DirtiesContextTestExecutionListener, org.springframework.test.context.transaction.TransactionalTestExecutionListener, org.springframework.test.context.jdbc.SqlScriptsTestExecutionListener]
01:10:39.733 [main] INFO org.springframework.boot.test.context.SpringBootTestContextBootstrapper - Using TestExecutionListeners: [org.springframework.test.context.web.ServletTestExecutionListener@69b2283a, org.springframework.test.context.support.DirtiesContextBeforeModesTestExecutionListener@22a637e7, org.springframework.boot.test.autoconfigure.SpringBootDependencyInjectionTestExecutionListener@6fe7aac8, org.springframework.test.context.support.DirtiesContextTestExecutionListener@1d119efb, org.springframework.test.context.transaction.TransactionalTestExecutionListener@659a969b, org.springframework.test.context.jdbc.SqlScriptsTestExecutionListener@76908cc0, org.springframework.boot.test.mock.mockito.ResetMocksTestExecutionListener@2473d930, org.springframework.boot.test.autoconfigure.restdocs.RestDocsTestExecutionListener@35047d03, org.springframework.boot.test.autoconfigure.web.servlet.WebDriverTestExecutionListener@49b0b76, org.springframework.boot.test.mock.mockito.MockitoTestExecutionListener@769f71a9, org.springframework.boot.test.autoconfigure.web.servlet.MockMvcPrintOnlyOnFailureTestExecutionListener@4c9f8c13, org.springframework.boot.test.autoconfigure.web.client.MockRestServiceServerResetTestExecutionListener@5ae50ce6]
]]></system-out>
  </testcase>
</testsuite>